#-----------------------------------------------------------
# Vivado v2019.1 (64-bit)
# SW Build 2552052 on Fri May 24 14:49:42 MDT 2019
# IP Build 2548770 on Fri May 24 18:01:18 MDT 2019
# Start of session at: Mon Sep  2 10:39:22 2024
# Process ID: 6392
# Current directory: C:/Users/hp/Desktop/vivado project/MFT/project_official_1
# Command line: vivado.exe -gui_launcher_event rodinguilauncherevent31896 C:\Users\hp\Desktop\vivado project\MFT\project_official_1\project_official_1.xpr
# Log file: C:/Users/hp/Desktop/vivado project/MFT/project_official_1/vivado.log
# Journal file: C:/Users/hp/Desktop/vivado project/MFT/project_official_1\vivado.jou
#-----------------------------------------------------------
start_gui
open_project {C:/Users/hp/Desktop/vivado project/MFT/project_official_1/project_official_1.xpr}
Scanning sources...
Finished scanning sources
INFO: [IP_Flow 19-234] Refreshing IP repositories
INFO: [IP_Flow 19-1704] No user IP repositories specified
INFO: [IP_Flow 19-2313] Loaded Vivado IP repository 'D:/vivado/2019.1/data/ip'.
update_compile_order -fileset sources_1
exit
INFO: [Common 17-206] Exiting Vivado at Mon Sep  2 16:19:24 2024...
