#-----------------------------------------------------------
# Vivado v2019.1 (64-bit)
# SW Build 2552052 on Fri May 24 14:49:42 MDT 2019
# IP Build 2548770 on Fri May 24 18:01:18 MDT 2019
# Start of session at: Tue Aug 27 09:40:44 2024
# Process ID: 19708
# Current directory: C:/Users/hp/Desktop/研二/MFT/project_official_1
# Command line: vivado.exe -gui_launcher_event rodinguilauncherevent12700 C:\Users\hp\Desktop\研二\MFT\project_official_1\project_official_1.xpr
# Log file: C:/Users/hp/Desktop/研二/MFT/project_official_1/vivado.log
# Journal file: C:/Users/hp/Desktop/研二/MFT/project_official_1\vivado.jou
#-----------------------------------------------------------
start_gui
open_project C:/Users/hp/Desktop/研二/MFT/project_official_1/project_official_1.xpr
Scanning sources...
Finished scanning sources
INFO: [IP_Flow 19-234] Refreshing IP repositories
INFO: [IP_Flow 19-1704] No user IP repositories specified
INFO: [IP_Flow 19-2313] Loaded Vivado IP repository 'D:/vivado/2019.1/data/ip'.
open_project: Time (s): cpu = 00:00:02 ; elapsed = 00:00:05 . Memory (MB): peak = 892.527 ; gain = 251.445
update_compile_order -fileset sources_1
open_hw
connect_hw_server
INFO: [Labtools 27-2285] Connecting to hw_server url TCP:localhost:3121
INFO: [Labtools 27-2222] Launching hw_server...
INFO: [Labtools 27-2221] Launch Output:

****** Xilinx hw_server v2019.1
  **** Build date : May 24 2019 at 15:13:31
    ** Copyright 1986-2019 Xilinx, Inc. All Rights Reserved.


connect_hw_server: Time (s): cpu = 00:00:01 ; elapsed = 00:00:11 . Memory (MB): peak = 1257.195 ; gain = 0.000
open_hw_target
INFO: [Labtoolstcl 44-466] Opening hw_target localhost:3121/xilinx_tcf/Xilinx/00001cc83ea901
set_property PROGRAM.FILE {C:/Users/hp/Desktop/研二/MFT/project_official_1/project_official_1.runs/impl_1/mft_final_top.bit} [get_hw_devices xc7k70t_0]
set_property PROBES.FILE {C:/Users/hp/Desktop/研二/MFT/project_official_1/project_official_1.runs/impl_1/mft_final_top.ltx} [get_hw_devices xc7k70t_0]
set_property FULL_PROBES.FILE {C:/Users/hp/Desktop/研二/MFT/project_official_1/project_official_1.runs/impl_1/mft_final_top.ltx} [get_hw_devices xc7k70t_0]
current_hw_device [get_hw_devices xc7k70t_0]
refresh_hw_device [lindex [get_hw_devices xc7k70t_0] 0]
INFO: [Labtools 27-1435] Device xc7k70t (JTAG device index = 0) is not programmed (DONE status = 0).
